c:\gitworkspace\issacplayer\rookissdx11\intermediate\debug\assimptool.pch
c:\gitworkspace\issacplayer\rookissdx11\intermediate\debug\vc143.pdb
c:\gitworkspace\issacplayer\rookissdx11\intermediate\debug\vc143.idb
c:\gitworkspace\issacplayer\rookissdx11\intermediate\debug\pch.obj
c:\gitworkspace\issacplayer\rookissdx11\intermediate\debug\staticmeshdemo.obj
c:\gitworkspace\issacplayer\rookissdx11\intermediate\debug\main.obj
c:\gitworkspace\issacplayer\rookissdx11\intermediate\debug\imguidemo.obj
c:\gitworkspace\issacplayer\rookissdx11\intermediate\debug\converter.obj
c:\gitworkspace\issacplayer\rookissdx11\intermediate\debug\camerascript.obj
c:\gitworkspace\issacplayer\rookissdx11\intermediate\debug\astypes.obj
c:\gitworkspace\issacplayer\rookissdx11\intermediate\debug\assimptool.obj
c:\gitworkspace\issacplayer\rookissdx11\intermediate\debug\animationdemo.obj
c:\gitworkspace\issacplayer\rookissdx11\intermediate\debug\assimptool.ilk
c:\gitworkspace\issacplayer\rookissdx11\binaries\assimptool.exe
c:\gitworkspace\issacplayer\rookissdx11\binaries\assimptool.pdb
c:\gitworkspace\issacplayer\rookissdx11\intermediate\debug\assimptool.vcxproj.filelistabsolute.txt
c:\gitworkspace\issacplayer\rookissdx11\intermediate\debug\assimptool.tlog\cl.command.1.tlog
c:\gitworkspace\issacplayer\rookissdx11\intermediate\debug\assimptool.tlog\cl.items.tlog
c:\gitworkspace\issacplayer\rookissdx11\intermediate\debug\assimptool.tlog\cl.read.1.tlog
c:\gitworkspace\issacplayer\rookissdx11\intermediate\debug\assimptool.tlog\cl.write.1.tlog
c:\gitworkspace\issacplayer\rookissdx11\intermediate\debug\assimptool.tlog\link.command.1.tlog
c:\gitworkspace\issacplayer\rookissdx11\intermediate\debug\assimptool.tlog\link.read.1.tlog
c:\gitworkspace\issacplayer\rookissdx11\intermediate\debug\assimptool.tlog\link.write.1.tlog
