C:\Program Files\Microsoft Visual Studio\2022\Community\MSBuild\Microsoft\VC\v170\Microsoft.CppBuild.targets(531,5): warning MSB8028: 중간 디렉터리(C:\gitworkspace\IssacPlayer\RookissDX11\Intermediate\Debug\)에 다른 프로젝트(Engine.vcxproj)에서 공유하는 파일이 포함되어 있습니다.  이로 인해 잘못된 정리 및 다시 빌드 동작이 수행될 수 있습니다.
  pch.cpp
C:\gitworkspace\IssacPlayer\RookissDX11\Libraries\Include\Engine\ResourceBase.h(5,2): warning C4309: '초기화 중': 상수 값이 잘립니다.
  (소스 파일 'pch.cpp'을(를) 컴파일하는 중)
  
C:\gitworkspace\IssacPlayer\RookissDX11\Libraries\Include\Engine\ResourceBase.h(5,2): warning C4369: 'ResourceType::None':  열거자 값 '-1'을(를) 'unsigned char'(으)로 나타낼 수 없습니다. 값은 '-1'입니다.
  (소스 파일 'pch.cpp'을(를) 컴파일하는 중)
  
C:\gitworkspace\IssacPlayer\RookissDX11\Libraries\Include\Engine\ResourceBase.h(6,2): warning C4340: 'Mesh': 양의 값에서 음의 값으로 값이 래핑되었습니다.
  (소스 파일 'pch.cpp'을(를) 컴파일하는 중)
  
C:\gitworkspace\IssacPlayer\RookissDX11\Libraries\Include\Engine\ResourceBase.h(6,2): warning C4309: '초기화 중': 상수 값이 잘립니다.
  (소스 파일 'pch.cpp'을(를) 컴파일하는 중)
  
C:\gitworkspace\IssacPlayer\RookissDX11\Libraries\Include\Engine\ResourceBase.h(6,2): warning C4369: 'ResourceType::Mesh':  열거자 값 '256'을(를) 'unsigned char'(으)로 나타낼 수 없습니다. 값은 '256'입니다.
  (소스 파일 'pch.cpp'을(를) 컴파일하는 중)
  
  AnimationDemo.cpp
  AssimpTool.cpp
  AsTypes.cpp
  CameraScript.cpp
  Converter.cpp
C:\gitworkspace\IssacPlayer\RookissDX11\AssimpTool\Converter.cpp(122,48): warning C4267: '인수': 'size_t'에서 'int32'(으)로 변환하면서 데이터가 손실될 수 있습니다.
  (소스 파일 '/Converter.cpp'을(를) 컴파일하는 중)
  
C:\gitworkspace\IssacPlayer\RookissDX11\AssimpTool\Converter.cpp(143,49): warning C4267: '초기화 중': 'size_t'에서 'uint32'(으)로 변환하면서 데이터가 손실될 수 있습니다.
  (소스 파일 '/Converter.cpp'을(를) 컴파일하는 중)
  
C:\gitworkspace\IssacPlayer\RookissDX11\AssimpTool\Converter.cpp(143,28): warning C4267: '초기화 중': 'size_t'에서 'const uint32'(으)로 변환하면서 데이터가 손실될 수 있습니다.
  (소스 파일 '/Converter.cpp'을(를) 컴파일하는 중)
  
C:\gitworkspace\IssacPlayer\RookissDX11\AssimpTool\Converter.cpp(225,33): warning C4267: '인수': 'size_t'에서 'const T'(으)로 변환하면서 데이터가 손실될 수 있습니다.
C:\gitworkspace\IssacPlayer\RookissDX11\AssimpTool\Converter.cpp(225,33): warning C4267:         with
C:\gitworkspace\IssacPlayer\RookissDX11\AssimpTool\Converter.cpp(225,33): warning C4267:         [
C:\gitworkspace\IssacPlayer\RookissDX11\AssimpTool\Converter.cpp(225,33): warning C4267:             T=uint32
C:\gitworkspace\IssacPlayer\RookissDX11\AssimpTool\Converter.cpp(225,33): warning C4267:         ]
  (소스 파일 '/Converter.cpp'을(를) 컴파일하는 중)
  
C:\gitworkspace\IssacPlayer\RookissDX11\AssimpTool\Converter.cpp(235,34): warning C4267: '인수': 'size_t'에서 'const T'(으)로 변환하면서 데이터가 손실될 수 있습니다.
C:\gitworkspace\IssacPlayer\RookissDX11\AssimpTool\Converter.cpp(235,34): warning C4267:         with
C:\gitworkspace\IssacPlayer\RookissDX11\AssimpTool\Converter.cpp(235,34): warning C4267:         [
C:\gitworkspace\IssacPlayer\RookissDX11\AssimpTool\Converter.cpp(235,34): warning C4267:             T=uint32
C:\gitworkspace\IssacPlayer\RookissDX11\AssimpTool\Converter.cpp(235,34): warning C4267:         ]
  (소스 파일 '/Converter.cpp'을(를) 컴파일하는 중)
  
C:\gitworkspace\IssacPlayer\RookissDX11\AssimpTool\Converter.cpp(243,46): warning C4267: '인수': 'size_t'에서 'const T'(으)로 변환하면서 데이터가 손실될 수 있습니다.
C:\gitworkspace\IssacPlayer\RookissDX11\AssimpTool\Converter.cpp(243,46): warning C4267:         with
C:\gitworkspace\IssacPlayer\RookissDX11\AssimpTool\Converter.cpp(243,46): warning C4267:         [
C:\gitworkspace\IssacPlayer\RookissDX11\AssimpTool\Converter.cpp(243,46): warning C4267:             T=uint32
C:\gitworkspace\IssacPlayer\RookissDX11\AssimpTool\Converter.cpp(243,46): warning C4267:         ]
  (소스 파일 '/Converter.cpp'을(를) 컴파일하는 중)
  
C:\gitworkspace\IssacPlayer\RookissDX11\AssimpTool\Converter.cpp(244,58): warning C4267: '인수': 'size_t'에서 'uint32'(으)로 변환하면서 데이터가 손실될 수 있습니다.
  (소스 파일 '/Converter.cpp'을(를) 컴파일하는 중)
  
C:\gitworkspace\IssacPlayer\RookissDX11\AssimpTool\Converter.cpp(247,45): warning C4267: '인수': 'size_t'에서 'const T'(으)로 변환하면서 데이터가 손실될 수 있습니다.
C:\gitworkspace\IssacPlayer\RookissDX11\AssimpTool\Converter.cpp(247,45): warning C4267:         with
C:\gitworkspace\IssacPlayer\RookissDX11\AssimpTool\Converter.cpp(247,45): warning C4267:         [
C:\gitworkspace\IssacPlayer\RookissDX11\AssimpTool\Converter.cpp(247,45): warning C4267:             T=uint32
C:\gitworkspace\IssacPlayer\RookissDX11\AssimpTool\Converter.cpp(247,45): warning C4267:         ]
  (소스 파일 '/Converter.cpp'을(를) 컴파일하는 중)
  
C:\gitworkspace\IssacPlayer\RookissDX11\AssimpTool\Converter.cpp(248,53): warning C4267: '인수': 'size_t'에서 'uint32'(으)로 변환하면서 데이터가 손실될 수 있습니다.
  (소스 파일 '/Converter.cpp'을(를) 컴파일하는 중)
  
C:\gitworkspace\IssacPlayer\RookissDX11\AssimpTool\Converter.cpp(466,12): warning C4267: '초기화 중': 'size_t'에서 'uint32'(으)로 변환하면서 데이터가 손실될 수 있습니다.
  (소스 파일 '/Converter.cpp'을(를) 컴파일하는 중)
  
C:\gitworkspace\IssacPlayer\RookissDX11\AssimpTool\Converter.cpp(509,16): warning C4267: '초기화 중': 'size_t'에서 'uint32'(으)로 변환하면서 데이터가 손실될 수 있습니다.
  (소스 파일 '/Converter.cpp'을(를) 컴파일하는 중)
  
C:\gitworkspace\IssacPlayer\RookissDX11\AssimpTool\Converter.cpp(567,47): warning C4267: '인수': 'size_t'에서 'const T'(으)로 변환하면서 데이터가 손실될 수 있습니다.
C:\gitworkspace\IssacPlayer\RookissDX11\AssimpTool\Converter.cpp(567,47): warning C4267:         with
C:\gitworkspace\IssacPlayer\RookissDX11\AssimpTool\Converter.cpp(567,47): warning C4267:         [
C:\gitworkspace\IssacPlayer\RookissDX11\AssimpTool\Converter.cpp(567,47): warning C4267:             T=uint32
C:\gitworkspace\IssacPlayer\RookissDX11\AssimpTool\Converter.cpp(567,47): warning C4267:         ]
  (소스 파일 '/Converter.cpp'을(를) 컴파일하는 중)
  
C:\gitworkspace\IssacPlayer\RookissDX11\AssimpTool\Converter.cpp(573,48): warning C4267: '인수': 'size_t'에서 'const T'(으)로 변환하면서 데이터가 손실될 수 있습니다.
C:\gitworkspace\IssacPlayer\RookissDX11\AssimpTool\Converter.cpp(573,48): warning C4267:         with
C:\gitworkspace\IssacPlayer\RookissDX11\AssimpTool\Converter.cpp(573,48): warning C4267:         [
C:\gitworkspace\IssacPlayer\RookissDX11\AssimpTool\Converter.cpp(573,48): warning C4267:             T=uint32
C:\gitworkspace\IssacPlayer\RookissDX11\AssimpTool\Converter.cpp(573,48): warning C4267:         ]
  (소스 파일 '/Converter.cpp'을(를) 컴파일하는 중)
  
C:\gitworkspace\IssacPlayer\RookissDX11\AssimpTool\Converter.cpp(574,64): warning C4267: '인수': 'size_t'에서 'uint32'(으)로 변환하면서 데이터가 손실될 수 있습니다.
  (소스 파일 '/Converter.cpp'을(를) 컴파일하는 중)
  
  ImGuiDemo.cpp
  Main.cpp
  StaticMeshDemo.cpp
  코드를 생성하고 있습니다...
DirectXTex_debug.lib(DirectXTexImage.obj) : warning LNK4099: '' PDB를 'DirectXTex_debug.lib(DirectXTexImage.obj)' 또는 ''에서 찾을 수 없습니다. 디버그 정보가 없는 것처럼 개체를 링크합니다.
DirectXTex_debug.lib(DirectXTexDDS.obj) : warning LNK4099: '' PDB를 'DirectXTex_debug.lib(DirectXTexDDS.obj)' 또는 ''에서 찾을 수 없습니다. 디버그 정보가 없는 것처럼 개체를 링크합니다.
DirectXTex_debug.lib(DirectXTexD3D11.obj) : warning LNK4099: '' PDB를 'DirectXTex_debug.lib(DirectXTexD3D11.obj)' 또는 ''에서 찾을 수 없습니다. 디버그 정보가 없는 것처럼 개체를 링크합니다.
DirectXTex_debug.lib(DirectXTexWIC.obj) : warning LNK4099: '' PDB를 'DirectXTex_debug.lib(DirectXTexWIC.obj)' 또는 ''에서 찾을 수 없습니다. 디버그 정보가 없는 것처럼 개체를 링크합니다.
DirectXTex_debug.lib(DirectXTexUtil.obj) : warning LNK4099: '' PDB를 'DirectXTex_debug.lib(DirectXTexUtil.obj)' 또는 ''에서 찾을 수 없습니다. 디버그 정보가 없는 것처럼 개체를 링크합니다.
DirectXTex_debug.lib(DirectXTexConvert.obj) : warning LNK4099: '' PDB를 'DirectXTex_debug.lib(DirectXTexConvert.obj)' 또는 ''에서 찾을 수 없습니다. 디버그 정보가 없는 것처럼 개체를 링크합니다.
DirectXTex_debug.lib(DirectXTexMipMaps.obj) : warning LNK4099: '' PDB를 'DirectXTex_debug.lib(DirectXTexMipMaps.obj)' 또는 ''에서 찾을 수 없습니다. 디버그 정보가 없는 것처럼 개체를 링크합니다.
DirectXTex_debug.lib(DirectXTexCompress.obj) : warning LNK4099: '' PDB를 'DirectXTex_debug.lib(DirectXTexCompress.obj)' 또는 ''에서 찾을 수 없습니다. 디버그 정보가 없는 것처럼 개체를 링크합니다.
DirectXTex_debug.lib(BC.obj) : warning LNK4099: '' PDB를 'DirectXTex_debug.lib(BC.obj)' 또는 ''에서 찾을 수 없습니다. 디버그 정보가 없는 것처럼 개체를 링크합니다.
DirectXTex_debug.lib(BC4BC5.obj) : warning LNK4099: '' PDB를 'DirectXTex_debug.lib(BC4BC5.obj)' 또는 ''에서 찾을 수 없습니다. 디버그 정보가 없는 것처럼 개체를 링크합니다.
DirectXTex_debug.lib(BC6HBC7.obj) : warning LNK4099: '' PDB를 'DirectXTex_debug.lib(BC6HBC7.obj)' 또는 ''에서 찾을 수 없습니다. 디버그 정보가 없는 것처럼 개체를 링크합니다.
  AssimpTool.vcxproj -> C:\gitworkspace\IssacPlayer\RookissDX11\Binaries\AssimpTool.exe
