c:\gitworkspace\issacplayer\rookissdx11\intermediate\debug\client.pch
c:\gitworkspace\issacplayer\rookissdx11\intermediate\debug\vc143.pdb
c:\gitworkspace\issacplayer\rookissdx11\intermediate\debug\vc143.idb
c:\gitworkspace\issacplayer\rookissdx11\intermediate\debug\pch.obj
c:\gitworkspace\issacplayer\rookissdx11\intermediate\debug\01. triangledemo.obj
c:\gitworkspace\issacplayer\rookissdx11\intermediate\debug\main.obj
c:\gitworkspace\issacplayer\rookissdx11\intermediate\debug\camerascript.obj
c:\gitworkspace\issacplayer\rookissdx11\intermediate\debug\13. diffusedemo.obj
c:\gitworkspace\issacplayer\rookissdx11\intermediate\debug\12. ambientdemo.obj
c:\gitworkspace\issacplayer\rookissdx11\intermediate\debug\11. depthstencildemo.obj
c:\gitworkspace\issacplayer\rookissdx11\intermediate\debug\10. globaltestdemo.obj
c:\gitworkspace\issacplayer\rookissdx11\intermediate\debug\09. meshdemo.obj
c:\gitworkspace\issacplayer\rookissdx11\intermediate\debug\08. normaldemo.obj
c:\gitworkspace\issacplayer\rookissdx11\intermediate\debug\07. heightmapdemo.obj
c:\gitworkspace\issacplayer\rookissdx11\intermediate\debug\06. samplerdemo.obj
c:\gitworkspace\issacplayer\rookissdx11\intermediate\debug\05. texturedemo.obj
c:\gitworkspace\issacplayer\rookissdx11\intermediate\debug\04. camerademo.obj
c:\gitworkspace\issacplayer\rookissdx11\intermediate\debug\03. constbufferdemo.obj
c:\gitworkspace\issacplayer\rookissdx11\intermediate\debug\02. quaddemo.obj
c:\gitworkspace\issacplayer\rookissdx11\intermediate\debug\14. speculardemo.obj
c:\gitworkspace\issacplayer\rookissdx11\intermediate\debug\16. lightingdemo.obj
c:\gitworkspace\issacplayer\rookissdx11\intermediate\debug\15. emissivedemo.obj
c:\gitworkspace\issacplayer\rookissdx11\intermediate\debug\17. materialdemo.obj
c:\gitworkspace\issacplayer\rookissdx11\binaries\01. triangle.cso
c:\gitworkspace\issacplayer\rookissdx11\binaries\02. quad.cso
c:\gitworkspace\issacplayer\rookissdx11\binaries\03. constbuffer.cso
c:\gitworkspace\issacplayer\rookissdx11\binaries\04. texture.cso
c:\gitworkspace\issacplayer\rookissdx11\binaries\05. sampler.cso
c:\gitworkspace\issacplayer\rookissdx11\binaries\06. terrain.cso
c:\gitworkspace\issacplayer\rookissdx11\binaries\07. normal.cso
c:\gitworkspace\issacplayer\rookissdx11\binaries\00. global.cso
c:\gitworkspace\issacplayer\rookissdx11\binaries\08. globaltest.cso
c:\gitworkspace\issacplayer\rookissdx11\binaries\09. lighting_ambient.cso
c:\gitworkspace\issacplayer\rookissdx11\binaries\10. lighting_diffuse.cso
c:\gitworkspace\issacplayer\rookissdx11\binaries\11. lighting_specular.cso
c:\gitworkspace\issacplayer\rookissdx11\binaries\12. lighting_emissive.cso
c:\gitworkspace\issacplayer\rookissdx11\binaries\00. light.cso
c:\gitworkspace\issacplayer\rookissdx11\binaries\13. lighting.cso
c:\gitworkspace\issacplayer\rookissdx11\binaries\client.exe
c:\gitworkspace\issacplayer\rookissdx11\intermediate\debug\client.ilk
c:\gitworkspace\issacplayer\rookissdx11\binaries\client.pdb
c:\gitworkspace\issacplayer\rookissdx11\intermediate\debug\camera.obj
c:\gitworkspace\issacplayer\rookissdx11\intermediate\debug\component.obj
c:\gitworkspace\issacplayer\rookissdx11\intermediate\debug\constantbuffer.obj
c:\gitworkspace\issacplayer\rookissdx11\intermediate\debug\game.obj
c:\gitworkspace\issacplayer\rookissdx11\intermediate\debug\gameobject.obj
c:\gitworkspace\issacplayer\rookissdx11\intermediate\debug\geometry.obj
c:\gitworkspace\issacplayer\rookissdx11\intermediate\debug\geometryhelper.obj
c:\gitworkspace\issacplayer\rookissdx11\intermediate\debug\graphics.obj
c:\gitworkspace\issacplayer\rookissdx11\intermediate\debug\iexecute.obj
c:\gitworkspace\issacplayer\rookissdx11\intermediate\debug\indexbuffer.obj
c:\gitworkspace\issacplayer\rookissdx11\intermediate\debug\inputmanager.obj
c:\gitworkspace\issacplayer\rookissdx11\intermediate\debug\material.obj
c:\gitworkspace\issacplayer\rookissdx11\intermediate\debug\mesh.obj
c:\gitworkspace\issacplayer\rookissdx11\intermediate\debug\meshrenderer.obj
c:\gitworkspace\issacplayer\rookissdx11\intermediate\debug\monobehaviour.obj
c:\gitworkspace\issacplayer\rookissdx11\intermediate\debug\pass.obj
c:\gitworkspace\issacplayer\rookissdx11\intermediate\debug\rendermanager.obj
c:\gitworkspace\issacplayer\rookissdx11\intermediate\debug\resourcebase.obj
c:\gitworkspace\issacplayer\rookissdx11\intermediate\debug\resourcemanager.obj
c:\gitworkspace\issacplayer\rookissdx11\intermediate\debug\shader.obj
c:\gitworkspace\issacplayer\rookissdx11\intermediate\debug\simplemath.obj
c:\gitworkspace\issacplayer\rookissdx11\intermediate\debug\technique.obj
c:\gitworkspace\issacplayer\rookissdx11\intermediate\debug\texture.obj
c:\gitworkspace\issacplayer\rookissdx11\intermediate\debug\timemanager.obj
c:\gitworkspace\issacplayer\rookissdx11\intermediate\debug\tinyxml2.obj
c:\gitworkspace\issacplayer\rookissdx11\intermediate\debug\transform.obj
c:\gitworkspace\issacplayer\rookissdx11\intermediate\debug\utils.obj
c:\gitworkspace\issacplayer\rookissdx11\intermediate\debug\vertexbuffer.obj
c:\gitworkspace\issacplayer\rookissdx11\intermediate\debug\vertexdata.obj
c:\gitworkspace\issacplayer\rookissdx11\intermediate\debug\engine.pch
c:\gitworkspace\issacplayer\rookissdx11\intermediate\debug\client.vcxproj.filelistabsolute.txt
c:\gitworkspace\issacplayer\rookissdx11\intermediate\debug\client.tlog\cl.command.1.tlog
c:\gitworkspace\issacplayer\rookissdx11\intermediate\debug\client.tlog\cl.items.tlog
c:\gitworkspace\issacplayer\rookissdx11\intermediate\debug\client.tlog\cl.read.1.tlog
c:\gitworkspace\issacplayer\rookissdx11\intermediate\debug\client.tlog\cl.write.1.tlog
c:\gitworkspace\issacplayer\rookissdx11\intermediate\debug\client.tlog\fxc.command.1.tlog
c:\gitworkspace\issacplayer\rookissdx11\intermediate\debug\client.tlog\fxc.read.1.tlog
c:\gitworkspace\issacplayer\rookissdx11\intermediate\debug\client.tlog\fxc.write.1.tlog
c:\gitworkspace\issacplayer\rookissdx11\intermediate\debug\client.tlog\link.command.1.tlog
c:\gitworkspace\issacplayer\rookissdx11\intermediate\debug\client.tlog\link.read.1.tlog
c:\gitworkspace\issacplayer\rookissdx11\intermediate\debug\client.tlog\link.write.1.tlog
