C:\Program Files\Microsoft Visual Studio\2022\Community\MSBuild\Microsoft\VC\v170\Microsoft.CppBuild.targets(531,5): warning MSB8028: 중간 디렉터리(C:\gitworkspace\IssacPlayer\RookissDX11\Intermediate\Debug\)에 다른 프로젝트(AssimpTool.vcxproj)에서 공유하는 파일이 포함되어 있습니다.  이로 인해 잘못된 정리 및 다시 빌드 동작이 수행될 수 있습니다.
  C:\gitworkspace\IssacPlayer\RookissDX11\Engine\Camera.h
  C:\gitworkspace\IssacPlayer\RookissDX11\Engine\Component.h
  C:\gitworkspace\IssacPlayer\RookissDX11\Engine\ConstantBuffer.h
  C:\gitworkspace\IssacPlayer\RookissDX11\Engine\Define.h
  C:\gitworkspace\IssacPlayer\RookissDX11\Engine\EnginePch.h
  C:\gitworkspace\IssacPlayer\RookissDX11\Engine\FileUtils.h
  C:\gitworkspace\IssacPlayer\RookissDX11\Engine\Frustum.h
  C:\gitworkspace\IssacPlayer\RookissDX11\Engine\Game.h
  C:\gitworkspace\IssacPlayer\RookissDX11\Engine\GameObject.h
  C:\gitworkspace\IssacPlayer\RookissDX11\Engine\Geometry.h
  C:\gitworkspace\IssacPlayer\RookissDX11\Engine\GeometryHelper.h
  C:\gitworkspace\IssacPlayer\RookissDX11\Engine\Graphics.h
  C:\gitworkspace\IssacPlayer\RookissDX11\Engine\IExecute.h
  C:\gitworkspace\IssacPlayer\RookissDX11\Engine\imconfig.h
  C:\gitworkspace\IssacPlayer\RookissDX11\Engine\imgui.h
  C:\gitworkspace\IssacPlayer\RookissDX11\Engine\ImGuiManager.h
  C:\gitworkspace\IssacPlayer\RookissDX11\Engine\imgui_impl_dx11.h
  C:\gitworkspace\IssacPlayer\RookissDX11\Engine\imgui_impl_win32.h
  C:\gitworkspace\IssacPlayer\RookissDX11\Engine\imgui_internal.h
  C:\gitworkspace\IssacPlayer\RookissDX11\Engine\imstb_rectpack.h
  C:\gitworkspace\IssacPlayer\RookissDX11\Engine\imstb_textedit.h
  C:\gitworkspace\IssacPlayer\RookissDX11\Engine\imstb_truetype.h
  C:\gitworkspace\IssacPlayer\RookissDX11\Engine\IndexBuffer.h
  C:\gitworkspace\IssacPlayer\RookissDX11\Engine\InputManager.h
  C:\gitworkspace\IssacPlayer\RookissDX11\Engine\Material.h
  C:\gitworkspace\IssacPlayer\RookissDX11\Engine\Mesh.h
  C:\gitworkspace\IssacPlayer\RookissDX11\Engine\MeshRenderer.h
  C:\gitworkspace\IssacPlayer\RookissDX11\Engine\Model.h
  C:\gitworkspace\IssacPlayer\RookissDX11\Engine\ModelAnimation.h
  C:\gitworkspace\IssacPlayer\RookissDX11\Engine\ModelAnimator.h
  C:\gitworkspace\IssacPlayer\RookissDX11\Engine\ModelMesh.h
  C:\gitworkspace\IssacPlayer\RookissDX11\Engine\ModelRenderer.h
  C:\gitworkspace\IssacPlayer\RookissDX11\Engine\MonoBehaviour.h
  C:\gitworkspace\IssacPlayer\RookissDX11\Engine\Pass.h
  C:\gitworkspace\IssacPlayer\RookissDX11\Engine\pch.h
  C:\gitworkspace\IssacPlayer\RookissDX11\Engine\RenderManager.h
  C:\gitworkspace\IssacPlayer\RookissDX11\Engine\ResourceBase.h
  C:\gitworkspace\IssacPlayer\RookissDX11\Engine\ResourceManager.h
  C:\gitworkspace\IssacPlayer\RookissDX11\Engine\Shader.h
  C:\gitworkspace\IssacPlayer\RookissDX11\Engine\SimpleMath.h
  C:\gitworkspace\IssacPlayer\RookissDX11\Engine\Technique.h
  C:\gitworkspace\IssacPlayer\RookissDX11\Engine\Texture.h
  C:\gitworkspace\IssacPlayer\RookissDX11\Engine\TimeManager.h
  C:\gitworkspace\IssacPlayer\RookissDX11\Engine\tinyxml2.h
  C:\gitworkspace\IssacPlayer\RookissDX11\Engine\Transform.h
  C:\gitworkspace\IssacPlayer\RookissDX11\Engine\Types.h
  C:\gitworkspace\IssacPlayer\RookissDX11\Engine\Utils.h
  C:\gitworkspace\IssacPlayer\RookissDX11\Engine\VertexBuffer.h
  C:\gitworkspace\IssacPlayer\RookissDX11\Engine\VertexData.h
  49개 파일이 복사되었습니다.
  C:\gitworkspace\IssacPlayer\RookissDX11\Engine\SimpleMath.inl
  1개 파일이 복사되었습니다.
  pch.cpp
C:\gitworkspace\IssacPlayer\RookissDX11\Engine\ResourceBase.h(5,2): warning C4309: '초기화 중': 상수 값이 잘립니다.
  (소스 파일 'pch.cpp'을(를) 컴파일하는 중)
  
C:\gitworkspace\IssacPlayer\RookissDX11\Engine\ResourceBase.h(5,2): warning C4369: 'ResourceType::None':  열거자 값 '-1'을(를) 'unsigned char'(으)로 나타낼 수 없습니다. 값은 '-1'입니다.
  (소스 파일 'pch.cpp'을(를) 컴파일하는 중)
  
C:\gitworkspace\IssacPlayer\RookissDX11\Engine\ResourceBase.h(6,2): warning C4340: 'Mesh': 양의 값에서 음의 값으로 값이 래핑되었습니다.
  (소스 파일 'pch.cpp'을(를) 컴파일하는 중)
  
C:\gitworkspace\IssacPlayer\RookissDX11\Engine\ResourceBase.h(6,2): warning C4309: '초기화 중': 상수 값이 잘립니다.
  (소스 파일 'pch.cpp'을(를) 컴파일하는 중)
  
C:\gitworkspace\IssacPlayer\RookissDX11\Engine\ResourceBase.h(6,2): warning C4369: 'ResourceType::Mesh':  열거자 값 '256'을(를) 'unsigned char'(으)로 나타낼 수 없습니다. 값은 '256'입니다.
  (소스 파일 'pch.cpp'을(를) 컴파일하는 중)
  
  Camera.cpp
  Component.cpp
  ConstantBuffer.cpp
  FileUtils.cpp
  Frustum.cpp
  Game.cpp
C:\gitworkspace\IssacPlayer\RookissDX11\Engine\Game.cpp(68,33): warning C4838: 'float'에서 'LONG'(으)로의 변환에는 축소 변환이 필요합니다.
  (소스 파일 '/Game.cpp'을(를) 컴파일하는 중)
  
C:\gitworkspace\IssacPlayer\RookissDX11\Engine\Game.cpp(68,33): warning C4244: '초기화 중': 'float'에서 'LONG'(으)로 변환하면서 데이터가 손실될 수 있습니다.
  (소스 파일 '/Game.cpp'을(를) 컴파일하는 중)
  
C:\gitworkspace\IssacPlayer\RookissDX11\Engine\Game.cpp(68,46): warning C4838: 'float'에서 'LONG'(으)로의 변환에는 축소 변환이 필요합니다.
  (소스 파일 '/Game.cpp'을(를) 컴파일하는 중)
  
C:\gitworkspace\IssacPlayer\RookissDX11\Engine\Game.cpp(68,46): warning C4244: '초기화 중': 'float'에서 'LONG'(으)로 변환하면서 데이터가 손실될 수 있습니다.
  (소스 파일 '/Game.cpp'을(를) 컴파일하는 중)
  
  GameObject.cpp
  Geometry.cpp
  GeometryHelper.cpp
  Graphics.cpp
C:\gitworkspace\IssacPlayer\RookissDX11\Engine\Graphics.cpp(32,46): warning C4244: '=': 'float'에서 'UINT'(으)로 변환하면서 데이터가 손실될 수 있습니다.
  (소스 파일 '/Graphics.cpp'을(를) 컴파일하는 중)
  
C:\gitworkspace\IssacPlayer\RookissDX11\Engine\Graphics.cpp(33,47): warning C4244: '=': 'float'에서 'UINT'(으)로 변환하면서 데이터가 손실될 수 있습니다.
  (소스 파일 '/Graphics.cpp'을(를) 컴파일하는 중)
  
  IExecute.cpp
  ImGuiManager.cpp
  IndexBuffer.cpp
  InputManager.cpp
  Material.cpp
  Mesh.cpp
  MeshRenderer.cpp
  Model.cpp
  ModelAnimation.cpp
  ModelAnimator.cpp
  코드를 생성하고 있습니다...
C:\gitworkspace\IssacPlayer\RookissDX11\Engine\Game.cpp(99): warning C4715: 'Game::WndProc': 모든 제어 경로에서 값을 반환하지는 않습니다.
  컴파일하고 있습니다...
  ModelMesh.cpp
  ModelRenderer.cpp
  MonoBehaviour.cpp
  Pass.cpp
  RenderManager.cpp
  ResourceBase.cpp
  ResourceManager.cpp
  Shader.cpp
C:\gitworkspace\IssacPlayer\RookissDX11\Engine\Shader.cpp(162,26): warning C4267: '인수': 'size_t'에서 'UINT'(으)로 변환하면서 데이터가 손실될 수 있습니다.
  (소스 파일 '/Shader.cpp'을(를) 컴파일하는 중)
  
  SimpleMath.cpp
  Technique.cpp
  Texture.cpp
C:\gitworkspace\IssacPlayer\RookissDX11\Engine\Texture.cpp(23,14): warning C4244: '=': 'size_t'에서 'float'(으)로 변환하면서 데이터가 손실될 수 있습니다.
  (소스 파일 '/Texture.cpp'을(를) 컴파일하는 중)
  
C:\gitworkspace\IssacPlayer\RookissDX11\Engine\Texture.cpp(24,14): warning C4244: '=': 'size_t'에서 'float'(으)로 변환하면서 데이터가 손실될 수 있습니다.
  (소스 파일 '/Texture.cpp'을(를) 컴파일하는 중)
  
  TimeManager.cpp
  Transform.cpp
C:\gitworkspace\IssacPlayer\RookissDX11\Engine\Transform.cpp(29,23): warning C4244: '=': 'double'에서 'float'(으)로 변환하면서 데이터가 손실될 수 있습니다.
  (소스 파일 '/Transform.cpp'을(를) 컴파일하는 중)
  
C:\gitworkspace\IssacPlayer\RookissDX11\Engine\Transform.cpp(34,40): warning C4244: '=': 'double'에서 'float'(으)로 변환하면서 데이터가 손실될 수 있습니다.
  (소스 파일 '/Transform.cpp'을(를) 컴파일하는 중)
  
C:\gitworkspace\IssacPlayer\RookissDX11\Engine\Transform.cpp(39,23): warning C4244: '=': 'double'에서 'float'(으)로 변환하면서 데이터가 손실될 수 있습니다.
  (소스 파일 '/Transform.cpp'을(를) 컴파일하는 중)
  
  Utils.cpp
C:\Program Files\Microsoft Visual Studio\2022\Community\VC\Tools\MSVC\14.38.33130\include\xstring(2749,53): warning C4244: '인수': 'wchar_t'에서 'const _Elem'(으)로 변환하면서 데이터가 손실될 수 있습니다.
C:\Program Files\Microsoft Visual Studio\2022\Community\VC\Tools\MSVC\14.38.33130\include\xstring(2749,53): warning C4244:         with
C:\Program Files\Microsoft Visual Studio\2022\Community\VC\Tools\MSVC\14.38.33130\include\xstring(2749,53): warning C4244:         [
C:\Program Files\Microsoft Visual Studio\2022\Community\VC\Tools\MSVC\14.38.33130\include\xstring(2749,53): warning C4244:             _Elem=char
C:\Program Files\Microsoft Visual Studio\2022\Community\VC\Tools\MSVC\14.38.33130\include\xstring(2749,53): warning C4244:         ]
  (소스 파일 '/Utils.cpp'을(를) 컴파일하는 중)
  C:\Program Files\Microsoft Visual Studio\2022\Community\VC\Tools\MSVC\14.38.33130\include\xstring(2749,53):
  템플릿 인스턴스화 컨텍스트(가장 오래된 인스턴스화 컨텍스트)가
  	C:\gitworkspace\IssacPlayer\RookissDX11\Engine\Utils.cpp(57,15):
  	컴파일되는 함수 템플릿 인스턴스화 'std::basic_string<char,std::char_traits<char>,std::allocator<char>>::basic_string<std::_String_iterator<std::_String_val<std::_Simple_types<_Elem>>>,0>(_Iter,_Iter,const _Alloc &)'에 대한 참조를 확인하세요.
          with
          [
              _Elem=wchar_t,
              _Iter=std::_String_iterator<std::_String_val<std::_Simple_types<wchar_t>>>,
              _Alloc=std::allocator<char>
          ]
  		C:\gitworkspace\IssacPlayer\RookissDX11\Engine\Utils.cpp(57,2):
  		'Utils::ToString'에서 'std::basic_string<char,std::char_traits<char>,std::allocator<char>>::basic_string'에 대한 첫 번째 참조를 확인하세요.
  	C:\Program Files\Microsoft Visual Studio\2022\Community\VC\Tools\MSVC\14.38.33130\include\xstring(2590,17):
  	컴파일되는 함수 템플릿 인스턴스화 'void std::basic_string<char,std::char_traits<char>,std::allocator<char>>::_Construct_from_iter<wchar_t*,wchar_t*,_Size_type>(_Iter,const _Sent,_Size)'에 대한 참조를 확인하세요.
          with
          [
              _Size_type=unsigned __int64,
              _Iter=wchar_t *,
              _Sent=wchar_t *,
              _Size=unsigned __int64
          ]
  
  VertexBuffer.cpp
  VertexData.cpp
  코드를 생성하고 있습니다...
  Engine.vcxproj -> C:\gitworkspace\IssacPlayer\RookissDX11\Libraries\Lib\Engine\Engine.lib
