  Game.cpp
C:\gitworkspace\IssacPlayer\RookissDX11\GameCoding\VertexBuffer.h(19,44): warning C4267: '=': 'size_t'에서 'UINT'(으)로 변환하면서 데이터가 손실될 수 있습니다.
  (소스 파일 '/Game.cpp'을(를) 컴파일하는 중)
  C:\gitworkspace\IssacPlayer\RookissDX11\GameCoding\VertexBuffer.h(19,44):
  템플릿 인스턴스화 컨텍스트(가장 오래된 인스턴스화 컨텍스트)가
  	C:\gitworkspace\IssacPlayer\RookissDX11\GameCoding\Game.cpp(102,15):
  	컴파일되는 함수 템플릿 인스턴스화 'void VertexBuffer::Create<Vertex>(const std::vector<Vertex,std::allocator<Vertex>> &)'에 대한 참조를 확인하세요.
  
  InputLayout.cpp
C:\gitworkspace\IssacPlayer\RookissDX11\GameCoding\InputLayout.cpp(16,15): warning C4267: '인수': 'size_t'에서 'UINT'(으)로 변환하면서 데이터가 손실될 수 있습니다.
  (소스 파일 '/InputLayout.cpp'을(를) 컴파일하는 중)
  
  코드를 생성하고 있습니다...
DirectXTex_debug.lib(DirectXTexImage.obj) : warning LNK4099: '' PDB를 'DirectXTex_debug.lib(DirectXTexImage.obj)' 또는 ''에서 찾을 수 없습니다. 디버그 정보가 없는 것처럼 개체를 링크합니다.
DirectXTex_debug.lib(DirectXTexWIC.obj) : warning LNK4099: '' PDB를 'DirectXTex_debug.lib(DirectXTexWIC.obj)' 또는 ''에서 찾을 수 없습니다. 디버그 정보가 없는 것처럼 개체를 링크합니다.
DirectXTex_debug.lib(DirectXTexD3D11.obj) : warning LNK4099: '' PDB를 'DirectXTex_debug.lib(DirectXTexD3D11.obj)' 또는 ''에서 찾을 수 없습니다. 디버그 정보가 없는 것처럼 개체를 링크합니다.
DirectXTex_debug.lib(DirectXTexUtil.obj) : warning LNK4099: '' PDB를 'DirectXTex_debug.lib(DirectXTexUtil.obj)' 또는 ''에서 찾을 수 없습니다. 디버그 정보가 없는 것처럼 개체를 링크합니다.
DirectXTex_debug.lib(DirectXTexConvert.obj) : warning LNK4099: '' PDB를 'DirectXTex_debug.lib(DirectXTexConvert.obj)' 또는 ''에서 찾을 수 없습니다. 디버그 정보가 없는 것처럼 개체를 링크합니다.
DirectXTex_debug.lib(DirectXTexMipMaps.obj) : warning LNK4099: '' PDB를 'DirectXTex_debug.lib(DirectXTexMipMaps.obj)' 또는 ''에서 찾을 수 없습니다. 디버그 정보가 없는 것처럼 개체를 링크합니다.
DirectXTex_debug.lib(DirectXTexCompress.obj) : warning LNK4099: '' PDB를 'DirectXTex_debug.lib(DirectXTexCompress.obj)' 또는 ''에서 찾을 수 없습니다. 디버그 정보가 없는 것처럼 개체를 링크합니다.
DirectXTex_debug.lib(BC.obj) : warning LNK4099: '' PDB를 'DirectXTex_debug.lib(BC.obj)' 또는 ''에서 찾을 수 없습니다. 디버그 정보가 없는 것처럼 개체를 링크합니다.
DirectXTex_debug.lib(BC4BC5.obj) : warning LNK4099: '' PDB를 'DirectXTex_debug.lib(BC4BC5.obj)' 또는 ''에서 찾을 수 없습니다. 디버그 정보가 없는 것처럼 개체를 링크합니다.
DirectXTex_debug.lib(BC6HBC7.obj) : warning LNK4099: '' PDB를 'DirectXTex_debug.lib(BC6HBC7.obj)' 또는 ''에서 찾을 수 없습니다. 디버그 정보가 없는 것처럼 개체를 링크합니다.
  GameCoding.vcxproj -> C:\gitworkspace\IssacPlayer\RookissDX11\Binaries\GameCoding.exe
